<?xml version="1.0" encoding="UTF-8"?>
<!-- Generated by org.testng.reporters.JUnitReportReporter -->
<testsuite skipped="0" hostname="Yanas-MacBook-Pro.local" name="com.amazon.Functional.Iframes" tests="1" failures="0" timestamp="08 Feb 2020 15:13:52 GMT" time="3.593" errors="0">
  <testcase name="f" time="3.593" classname="com.amazon.Functional.Iframes"/>
</testsuite> <!-- com.amazon.Functional.Iframes -->
