<?xml version="1.0" encoding="UTF-8"?>
<!-- Generated by org.testng.reporters.JUnitReportReporter -->
<testsuite skipped="0" hostname="Yanas-MacBook-Pro.local" name="com.amazon.Functional.ImplicitWait" tests="1" failures="0" timestamp="08 Feb 2020 18:04:05 GMT" time="4.756" errors="0">
  <testcase name="f" time="4.756" classname="com.amazon.Functional.ImplicitWait"/>
</testsuite> <!-- com.amazon.Functional.ImplicitWait -->
