<?xml version="1.0" encoding="UTF-8"?>
<!-- Generated by org.testng.reporters.JUnitReportReporter -->
<testsuite skipped="0" hostname="Yanas-MacBook-Pro.local" name="com.amazon.Functional.EmiratesCalendar" tests="1" failures="0" timestamp="16 Feb 2020 16:54:57 GMT" time="7.004" errors="0">
  <testcase name="f" time="7.004" classname="com.amazon.Functional.EmiratesCalendar"/>
</testsuite> <!-- com.amazon.Functional.EmiratesCalendar -->
