<?xml version="1.0" encoding="UTF-8"?>
<!-- Generated by org.testng.reporters.JUnitReportReporter -->
<testsuite skipped="0" hostname="Yanas-MacBook-Pro.local" name="com.amazon.Functional.Selenium" tests="1" failures="0" timestamp="09 Feb 2020 15:14:45 GMT" time="13.055" errors="0">
  <testcase name="f" time="13.055" classname="com.amazon.Functional.Selenium"/>
</testsuite> <!-- com.amazon.Functional.Selenium -->
