<?xml version="1.0" encoding="UTF-8"?>
<!-- Generated by org.testng.reporters.JUnitReportReporter -->
<testsuite skipped="0" hostname="Yanas-MacBook-Pro.local" name="com.amazon.Functional.Facebook" tests="1" failures="0" timestamp="02 Feb 2020 14:51:19 GMT" time="3.625" errors="0">
  <testcase name="f" time="3.625" classname="com.amazon.Functional.Facebook"/>
</testsuite> <!-- com.amazon.Functional.Facebook -->
