<?xml version="1.0" encoding="UTF-8"?>
<!-- Generated by org.testng.reporters.JUnitReportReporter -->
<testsuite skipped="0" hostname="Yanas-MacBook-Pro.local" name="com.amazon.Functional.ExplicitWait" tests="1" failures="0" timestamp="08 Feb 2020 18:37:39 GMT" time="3.615" errors="0">
  <testcase name="f" time="3.615" classname="com.amazon.Functional.ExplicitWait"/>
</testsuite> <!-- com.amazon.Functional.ExplicitWait -->
