<?xml version="1.0" encoding="UTF-8"?>
<!-- Generated by org.testng.reporters.JUnitReportReporter -->
<testsuite skipped="0" hostname="Yanas-MacBook-Pro.local" name="com.amazon.Functional.Alerts" tests="1" failures="0" timestamp="06 Feb 2020 01:36:14 GMT" time="1.938" errors="0">
  <testcase name="f" time="1.938" classname="com.amazon.Functional.Alerts"/>
</testsuite> <!-- com.amazon.Functional.Alerts -->
