<?xml version="1.0" encoding="UTF-8"?>
<!-- Generated by org.testng.reporters.JUnitReportReporter -->
<testsuite skipped="0" hostname="Yanas-MacBook-Pro.local" name="com.amazon.Functional.NewWindow" tests="1" failures="0" timestamp="09 Feb 2020 15:04:29 GMT" time="3.132" errors="0">
  <testcase name="f" time="3.132" classname="com.amazon.Functional.NewWindow"/>
</testsuite> <!-- com.amazon.Functional.NewWindow -->
